12:00:08 **** Build of configuration x86_64-debug for project LAB3v4 ****
make -j12 all 
make: Nothing to be done for 'all'.
12:01:39 **** Incremental Build of configuration x86_64-debug for project LAB3v4 ****
make -j12 all 
make: Nothing to be done for 'all'.
12:01:40 **** Incremental Build of configuration x86_64-debug for project LAB3v4 ****
make -j12 all 
make: Nothing to be done for 'all'.
12:03:37 **** Incremental Build of configuration x86_64-debug for project LAB3v4 ****
make -j12 all 
qcc -lang-c++ -Vgcc_ntox86_64 -c -Wp,-MMD,build/x86_64-debug/src/taskManager.d,-MT,build/x86_64-debug/src/taskManager.o -o build/x86_64-debug/src/taskManager.o  -Wall -fmessage-length=0 -g -O0 -fno-builtin  src/taskManager.cpp
src/taskManager.cpp: In function 'void* vitesseRoutine(void*)':
src/taskManager.cpp:111:18: warning: unused variable 'tp' [-Wunused-variable]
  struct timespec tp;
                  ^
src/taskManager.cpp:113:18: warning: variable 'task_id' set but not used [-Wunused-but-set-variable]
  uint32_t        task_id;
                  ^
src/taskManager.cpp:114:18: warning: variable 'starttime' set but not used [-Wunused-but-set-variable]
  uint32_t        starttime;
                  ^
src/taskManager.cpp:115:18: warning: unused variable 'elapsed_time' [-Wunused-variable]
  uint32_t        elapsed_time;
                  ^
src/taskManager.cpp: In function 'void* ctrlNavigationRoutine(void*)':
src/taskManager.cpp:259:18: warning: unused variable 'tp' [-Wunused-variable]
  struct timespec tp;
                  ^
src/taskManager.cpp:261:18: warning: variable 'task_id' set but not used [-Wunused-but-set-variable]
  uint32_t        task_id;
                  ^
src/taskManager.cpp:262:18: warning: variable 'starttime' set but not used [-Wunused-but-set-variable]
  uint32_t        starttime;
                  ^
src/taskManager.cpp:263:18: warning: unused variable 'elapsed_time' [-Wunused-variable]
  uint32_t        elapsed_time;
                  ^
src/taskManager.cpp: In function 'void* ctrlCamaraRoutine(void*)':
src/taskManager.cpp:315:18: warning: variable 'elapsed_time' set but not used [-Wunused-but-set-variable]
  uint32_t        elapsed_time;
                  ^
src/taskManager.cpp:326:9: warning: unused variable 'realOrientation' [-Wunused-variable]
  double realOrientation;
         ^
src/taskManager.cpp:327:9: warning: unused variable 'batterie' [-Wunused-variable]
  double batterie;
         ^
qcc -lang-c++ -Vgcc_ntox86_64 -o build/x86_64-debug/LAB3v4   build/x86_64-debug/src/main.o build/x86_64-debug/src/genMap.o build/x86_64-debug/src/simulate.o build/x86_64-debug/src/voiture.o build/x86_64-debug/src/taskManager.o build/x86_64-debug/src/controleur.o build/x86_64-debug/src/LAB3v4.o  
12:03:40 **** Incremental Build of configuration x86_64-debug for project LAB3v4 ****
make -j12 all 
make: Nothing to be done for 'all'.
12:04:39 **** Incremental Build of configuration x86_64-debug for project LAB3v4 ****
make -j12 all 
qcc -lang-c++ -Vgcc_ntox86_64 -c -Wp,-MMD,build/x86_64-debug/src/taskManager.d,-MT,build/x86_64-debug/src/taskManager.o -o build/x86_64-debug/src/taskManager.o  -Wall -fmessage-length=0 -g -O0 -fno-builtin  src/taskManager.cpp
src/taskManager.cpp: In function 'void* vitesseRoutine(void*)':
src/taskManager.cpp:111:18: warning: unused variable 'tp' [-Wunused-variable]
  struct timespec tp;
                  ^
src/taskManager.cpp:113:18: warning: variable 'task_id' set but not used [-Wunused-but-set-variable]
  uint32_t        task_id;
                  ^
src/taskManager.cpp:114:18: warning: variable 'starttime' set but not used [-Wunused-but-set-variable]
  uint32_t        starttime;
                  ^
src/taskManager.cpp:115:18: warning: unused variable 'elapsed_time' [-Wunused-variable]
  uint32_t        elapsed_time;
                  ^
src/taskManager.cpp: In function 'void* ctrlNavigationRoutine(void*)':
src/taskManager.cpp:258:18: warning: unused variable 'tp' [-Wunused-variable]
  struct timespec tp;
                  ^
src/taskManager.cpp:260:18: warning: variable 'task_id' set but not used [-Wunused-but-set-variable]
  uint32_t        task_id;
                  ^
src/taskManager.cpp:261:18: warning: variable 'starttime' set but not used [-Wunused-but-set-variable]
  uint32_t        starttime;
                  ^
src/taskManager.cpp:262:18: warning: unused variable 'elapsed_time' [-Wunused-variable]
  uint32_t        elapsed_time;
                  ^
src/taskManager.cpp: In function 'void* ctrlCamaraRoutine(void*)':
src/taskManager.cpp:314:18: warning: variable 'elapsed_time' set but not used [-Wunused-but-set-variable]
  uint32_t        elapsed_time;
                  ^
src/taskManager.cpp:325:9: warning: unused variable 'realOrientation' [-Wunused-variable]
  double realOrientation;
         ^
src/taskManager.cpp:326:9: warning: unused variable 'batterie' [-Wunused-variable]
  double batterie;
         ^
qcc -lang-c++ -Vgcc_ntox86_64 -o build/x86_64-debug/LAB3v4   build/x86_64-debug/src/main.o build/x86_64-debug/src/genMap.o build/x86_64-debug/src/simulate.o build/x86_64-debug/src/voiture.o build/x86_64-debug/src/taskManager.o build/x86_64-debug/src/controleur.o build/x86_64-debug/src/LAB3v4.o  
12:04:41 **** Incremental Build of configuration x86_64-debug for project LAB3v4 ****
make -j12 all 
make: Nothing to be done for 'all'.
12:04:59 **** Incremental Build of configuration x86_64-debug for project LAB3v4 ****
make -j12 all 
qcc -lang-c++ -Vgcc_ntox86_64 -c -Wp,-MMD,build/x86_64-debug/src/taskManager.d,-MT,build/x86_64-debug/src/taskManager.o -o build/x86_64-debug/src/taskManager.o  -Wall -fmessage-length=0 -g -O0 -fno-builtin  src/taskManager.cpp
src/taskManager.cpp: In function 'void* vitesseRoutine(void*)':
src/taskManager.cpp:111:18: warning: unused variable 'tp' [-Wunused-variable]
  struct timespec tp;
                  ^
src/taskManager.cpp:113:18: warning: variable 'task_id' set but not used [-Wunused-but-set-variable]
  uint32_t        task_id;
                  ^
src/taskManager.cpp:114:18: warning: variable 'starttime' set but not used [-Wunused-but-set-variable]
  uint32_t        starttime;
                  ^
src/taskManager.cpp:115:18: warning: unused variable 'elapsed_time' [-Wunused-variable]
  uint32_t        elapsed_time;
                  ^
src/taskManager.cpp: In function 'void* ctrlNavigationRoutine(void*)':
src/taskManager.cpp:258:18: warning: unused variable 'tp' [-Wunused-variable]
  struct timespec tp;
                  ^
src/taskManager.cpp:260:18: warning: variable 'task_id' set but not used [-Wunused-but-set-variable]
  uint32_t        task_id;
                  ^
src/taskManager.cpp:261:18: warning: variable 'starttime' set but not used [-Wunused-but-set-variable]
  uint32_t        starttime;
                  ^
src/taskManager.cpp:262:18: warning: unused variable 'elapsed_time' [-Wunused-variable]
  uint32_t        elapsed_time;
                  ^
src/taskManager.cpp: In function 'void* ctrlCamaraRoutine(void*)':
src/taskManager.cpp:314:18: warning: variable 'elapsed_time' set but not used [-Wunused-but-set-variable]
  uint32_t        elapsed_time;
                  ^
src/taskManager.cpp:325:9: warning: unused variable 'realOrientation' [-Wunused-variable]
  double realOrientation;
         ^
src/taskManager.cpp:326:9: warning: unused variable 'batterie' [-Wunused-variable]
  double batterie;
         ^
qcc -lang-c++ -Vgcc_ntox86_64 -o build/x86_64-debug/LAB3v4   build/x86_64-debug/src/main.o build/x86_64-debug/src/genMap.o build/x86_64-debug/src/simulate.o build/x86_64-debug/src/voiture.o build/x86_64-debug/src/taskManager.o build/x86_64-debug/src/controleur.o build/x86_64-debug/src/LAB3v4.o  
12:05:00 **** Incremental Build of configuration x86_64-debug for project LAB3v4 ****
make -j12 all 
make: Nothing to be done for 'all'.
